<?xml version="1.0" encoding="UTF-8"?>
<!-- Generated by org.testng.reporters.JUnitXMLReporter -->
<testsuite ignored="0" hostname="LAPTOP-92JNLC8U" failures="0" tests="6" name="Test" time="0.043" errors="0" timestamp="2023-01-06T14:20:14 IST">
  <testcase classname="mavanCMDPractice.Mavandemo2ndTest" name="demo1test" time="0.008"/>
  <testcase classname="mavanCMDPractice.Mavandemo2ndTest" name="demo2test" time="0.001"/>
  <testcase classname="mavanCMDPractice.Mavandemo1Test" name="demo1test" time="0.001"/>
  <testcase classname="mavanCMDPractice.Mavandemo1Test" name="demo2test" time="0.001"/>
  <testcase classname="mavanCMDPractice.Mavandemo3rdTest" name="demo1test" time="0.001"/>
  <testcase classname="mavanCMDPractice.Mavandemo3rdTest" name="demo2test" time="0.0"/>
</testsuite> <!-- Test -->
